<?xml version="1.0" encoding="UTF-8"?>
<!-- Generated by org.testng.reporters.JUnitReportReporter -->
<testsuite hostname="DESKTOP-NO7SJ3E" failures="0" tests="1" name="annotations.TestBA" time="1.014" errors="0" timestamp="2022-03-05T22:26:07 IST" skipped="0">
  <testcase classname="annotations.TestBA" name="f" time="1.014"/>
  <system-out/>
</testsuite> <!-- annotations.TestBA -->
