<?xml version="1.0" encoding="UTF-8"?>
<!-- Generated by org.testng.reporters.JUnitReportReporter -->
<testsuite hostname="DESKTOP-NO7SJ3E" failures="0" tests="1" name="annotations.BAMethod" time="62.952" errors="0" timestamp="2022-03-05T19:57:04 IST" skipped="0">
  <testcase classname="annotations.BAMethod" name="f" time="62.952"/>
  <system-out/>
</testsuite> <!-- annotations.BAMethod -->
