<?xml version="1.0" encoding="UTF-8"?>
<!-- Generated by org.testng.reporters.JUnitReportReporter -->
<testsuite hostname="DESKTOP-NO7SJ3E" failures="0" tests="1" name="annotations.BATest" time="79.538" errors="0" timestamp="2022-03-04T22:41:18 IST" skipped="0">
  <testcase classname="annotations.BATest" name="f" time="79.538"/>
  <system-out/>
</testsuite> <!-- annotations.BATest -->
