<?xml version="1.0" encoding="UTF-8"?>
<!-- Generated by org.testng.reporters.JUnitReportReporter -->
<testsuite hostname="DESKTOP-NO7SJ3E" failures="0" tests="1" name="annotations.BASuite" time="5.435" errors="0" timestamp="2022-03-05T22:26:07 IST" skipped="0">
  <testcase classname="annotations.BASuite" name="f" time="5.435"/>
  <system-out/>
</testsuite> <!-- annotations.BASuite -->
