<?xml version="1.0" encoding="UTF-8"?>
<!-- Generated by org.testng.reporters.JUnitReportReporter -->
<testsuite hostname="DESKTOP-NO7SJ3E" failures="0" tests="2" name="annotations.IgnoreTest" time="1.531" errors="0" timestamp="2022-03-05T22:41:47 IST" skipped="1">
  <testcase classname="annotations.IgnoreTest" name="f" time="1.531"/>
  <system-out/>
  <testcase classname="annotations.IgnoreTest" name="f1">
    <skipped/>
  </testcase> <!-- f1 -->
  <system-out/>
</testsuite> <!-- annotations.IgnoreTest -->
