<?xml version="1.0" encoding="UTF-8"?>
<!-- Generated by org.testng.reporters.JUnitReportReporter -->
<testsuite hostname="DESKTOP-NO7SJ3E" failures="0" tests="2" name="annotations.priority" time="17.437" errors="0" timestamp="2022-03-05T22:49:43 IST" skipped="0">
  <testcase classname="annotations.priority" name="f1" time="4.984"/>
  <system-out/>
  <testcase classname="annotations.priority" name="f" time="12.453"/>
  <system-out/>
</testsuite> <!-- annotations.priority -->
