<?xml version="1.0" encoding="UTF-8"?>
<!-- Generated by org.testng.reporters.JUnitReportReporter -->
<testsuite hostname="DESKTOP-NO7SJ3E" failures="0" tests="1" name="annotations.TestAnnotation" time="72.230" errors="0" timestamp="2022-03-05T22:26:07 IST" skipped="0">
  <testcase classname="annotations.TestAnnotation" name="f" time="72.230"/>
  <system-out/>
</testsuite> <!-- annotations.TestAnnotation -->
