<?xml version="1.0" encoding="UTF-8"?>
<!-- Generated by org.testng.reporters.JUnitReportReporter -->
<testsuite hostname="DESKTOP-NO7SJ3E" failures="0" tests="2" name="annotations.MultipleTestAnnotations" time="114.853" errors="0" timestamp="2022-03-05T19:57:04 IST" skipped="0">
  <testcase classname="annotations.MultipleTestAnnotations" name="invisiblemenus" time="51.626"/>
  <system-out/>
  <testcase classname="annotations.MultipleTestAnnotations" name="visiblemenus" time="63.227"/>
  <system-out/>
</testsuite> <!-- annotations.MultipleTestAnnotations -->
