<?xml version="1.0" encoding="UTF-8"?>
<!-- Generated by org.testng.reporters.JUnitReportReporter -->
<testsuite hostname="DESKTOP-NO7SJ3E" failures="0" tests="2" name="annotations.BAClass" time="26.945" errors="0" timestamp="2022-03-05T19:57:04 IST" skipped="0">
  <testcase classname="annotations.BAClass" name="invisiblemenus" time="4.305"/>
  <system-out/>
  <testcase classname="annotations.BAClass" name="visiblemenus" time="22.640"/>
  <system-out/>
</testsuite> <!-- annotations.BAClass -->
