<?xml version="1.0" encoding="UTF-8"?>
<!-- Generated by org.testng.reporters.JUnitReportReporter -->
<testsuite hostname="DESKTOP-NO7SJ3E" failures="0" tests="4" name="annotations.Groop1Test" time="124.638" errors="0" timestamp="2022-03-07T23:02:47 IST" skipped="0">
  <testcase classname="annotations.Groop1Test" name="t" time="15.325"/>
  <system-out/>
  <testcase classname="annotations.Groop1Test" name="t1" time="40.655"/>
  <system-out/>
  <testcase classname="annotations.Groop1Test" name="f" time="32.091"/>
  <system-out/>
  <testcase classname="annotations.Groop1Test" name="t2" time="36.567"/>
  <system-out/>
</testsuite> <!-- annotations.Groop1Test -->
